-- Install configuration: ""
-- Up-to-date: /home/pi/workspace/udemy_ros2_ws/install/udemy_ros2_pkg/share/udemy_ros2_pkg/environment/pythonpath.sh
-- Up-to-date: /home/pi/workspace/udemy_ros2_ws/install/udemy_ros2_pkg/share/udemy_ros2_pkg/environment/pythonpath.dsv
-- Up-to-date: /home/pi/workspace/udemy_ros2_ws/install/udemy_ros2_pkg/lib/python3.8/site-packages/scripts/
-- Up-to-date: /home/pi/workspace/udemy_ros2_ws/install/udemy_ros2_pkg/lib/python3.8/site-packages/scripts//subscriber.py
-- Up-to-date: /home/pi/workspace/udemy_ros2_ws/install/udemy_ros2_pkg/lib/python3.8/site-packages/scripts//publisher.py
-- Up-to-date: /home/pi/workspace/udemy_ros2_ws/install/udemy_ros2_pkg/lib/python3.8/site-packages/scripts//hc_sensor_publisher.py
-- Up-to-date: /home/pi/workspace/udemy_ros2_ws/install/udemy_ros2_pkg/lib/python3.8/site-packages/scripts//__init__.py
-- Up-to-date: /home/pi/workspace/udemy_ros2_ws/install/udemy_ros2_pkg/lib/python3.8/site-packages/scripts//build
-- Up-to-date: /home/pi/workspace/udemy_ros2_ws/install/udemy_ros2_pkg/lib/python3.8/site-packages/scripts//build/COLCON_IGNORE
-- Up-to-date: /home/pi/workspace/udemy_ros2_ws/install/udemy_ros2_pkg/lib/python3.8/site-packages/scripts//build/.built_by
-- Up-to-date: /home/pi/workspace/udemy_ros2_ws/install/udemy_ros2_pkg/lib/python3.8/site-packages/scripts//log
-- Up-to-date: /home/pi/workspace/udemy_ros2_ws/install/udemy_ros2_pkg/lib/python3.8/site-packages/scripts//log/COLCON_IGNORE
-- Up-to-date: /home/pi/workspace/udemy_ros2_ws/install/udemy_ros2_pkg/lib/python3.8/site-packages/scripts//log/build_2022-04-03_10-24-33
-- Up-to-date: /home/pi/workspace/udemy_ros2_ws/install/udemy_ros2_pkg/lib/python3.8/site-packages/scripts//log/build_2022-04-03_10-24-33/logger_all.log
-- Up-to-date: /home/pi/workspace/udemy_ros2_ws/install/udemy_ros2_pkg/lib/python3.8/site-packages/scripts//log/build_2022-04-03_10-24-33/events.log
-- Up-to-date: /home/pi/workspace/udemy_ros2_ws/install/udemy_ros2_pkg/lib/python3.8/site-packages/scripts//log/latest_build
-- Up-to-date: /home/pi/workspace/udemy_ros2_ws/install/udemy_ros2_pkg/lib/python3.8/site-packages/scripts//log/latest
-- Up-to-date: /home/pi/workspace/udemy_ros2_ws/install/udemy_ros2_pkg/lib/python3.8/site-packages/scripts//install
-- Up-to-date: /home/pi/workspace/udemy_ros2_ws/install/udemy_ros2_pkg/lib/python3.8/site-packages/scripts//install/.colcon_install_layout
-- Up-to-date: /home/pi/workspace/udemy_ros2_ws/install/udemy_ros2_pkg/lib/python3.8/site-packages/scripts//install/COLCON_IGNORE
-- Up-to-date: /home/pi/workspace/udemy_ros2_ws/install/udemy_ros2_pkg/lib/python3.8/site-packages/scripts//install/local_setup.bash
-- Up-to-date: /home/pi/workspace/udemy_ros2_ws/install/udemy_ros2_pkg/lib/python3.8/site-packages/scripts//install/_local_setup_util_sh.py
-- Up-to-date: /home/pi/workspace/udemy_ros2_ws/install/udemy_ros2_pkg/lib/python3.8/site-packages/scripts//install/local_setup.sh
-- Up-to-date: /home/pi/workspace/udemy_ros2_ws/install/udemy_ros2_pkg/lib/python3.8/site-packages/scripts//install/_local_setup_util_ps1.py
-- Up-to-date: /home/pi/workspace/udemy_ros2_ws/install/udemy_ros2_pkg/lib/python3.8/site-packages/scripts//install/local_setup.ps1
-- Up-to-date: /home/pi/workspace/udemy_ros2_ws/install/udemy_ros2_pkg/lib/python3.8/site-packages/scripts//install/setup.bash
-- Up-to-date: /home/pi/workspace/udemy_ros2_ws/install/udemy_ros2_pkg/lib/python3.8/site-packages/scripts//install/setup.ps1
-- Up-to-date: /home/pi/workspace/udemy_ros2_ws/install/udemy_ros2_pkg/lib/python3.8/site-packages/scripts//install/local_setup.zsh
-- Up-to-date: /home/pi/workspace/udemy_ros2_ws/install/udemy_ros2_pkg/lib/python3.8/site-packages/scripts//install/setup.zsh
-- Up-to-date: /home/pi/workspace/udemy_ros2_ws/install/udemy_ros2_pkg/lib/python3.8/site-packages/scripts//install/setup.sh
Listing '/home/pi/workspace/udemy_ros2_ws/install/udemy_ros2_pkg/lib/python3.8/site-packages/scripts/'...
Listing '/home/pi/workspace/udemy_ros2_ws/install/udemy_ros2_pkg/lib/python3.8/site-packages/scripts/build'...
Listing '/home/pi/workspace/udemy_ros2_ws/install/udemy_ros2_pkg/lib/python3.8/site-packages/scripts/install'...
Listing '/home/pi/workspace/udemy_ros2_ws/install/udemy_ros2_pkg/lib/python3.8/site-packages/scripts/log'...
Listing '/home/pi/workspace/udemy_ros2_ws/install/udemy_ros2_pkg/lib/python3.8/site-packages/scripts/log/build_2022-04-03_10-24-33'...
-- Up-to-date: /home/pi/workspace/udemy_ros2_ws/install/udemy_ros2_pkg/lib/udemy_ros2_pkg/publisher.py
-- Up-to-date: /home/pi/workspace/udemy_ros2_ws/install/udemy_ros2_pkg/lib/udemy_ros2_pkg/subscriber.py
-- Up-to-date: /home/pi/workspace/udemy_ros2_ws/install/udemy_ros2_pkg/lib/udemy_ros2_pkg/hc_sensor_publisher.py
-- Up-to-date: /home/pi/workspace/udemy_ros2_ws/install/udemy_ros2_pkg/share/udemy_ros2_pkg//launch
-- Installing: /home/pi/workspace/udemy_ros2_ws/install/udemy_ros2_pkg/share/udemy_ros2_pkg//launch/distance_to_object_node.launch.py
-- Up-to-date: /home/pi/workspace/udemy_ros2_ws/install/udemy_ros2_pkg/share/ament_index/resource_index/package_run_dependencies/udemy_ros2_pkg
-- Up-to-date: /home/pi/workspace/udemy_ros2_ws/install/udemy_ros2_pkg/share/ament_index/resource_index/parent_prefix_path/udemy_ros2_pkg
-- Up-to-date: /home/pi/workspace/udemy_ros2_ws/install/udemy_ros2_pkg/share/udemy_ros2_pkg/environment/ament_prefix_path.sh
-- Up-to-date: /home/pi/workspace/udemy_ros2_ws/install/udemy_ros2_pkg/share/udemy_ros2_pkg/environment/ament_prefix_path.dsv
-- Up-to-date: /home/pi/workspace/udemy_ros2_ws/install/udemy_ros2_pkg/share/udemy_ros2_pkg/environment/path.sh
-- Up-to-date: /home/pi/workspace/udemy_ros2_ws/install/udemy_ros2_pkg/share/udemy_ros2_pkg/environment/path.dsv
-- Up-to-date: /home/pi/workspace/udemy_ros2_ws/install/udemy_ros2_pkg/share/udemy_ros2_pkg/local_setup.bash
-- Up-to-date: /home/pi/workspace/udemy_ros2_ws/install/udemy_ros2_pkg/share/udemy_ros2_pkg/local_setup.sh
-- Up-to-date: /home/pi/workspace/udemy_ros2_ws/install/udemy_ros2_pkg/share/udemy_ros2_pkg/local_setup.zsh
-- Up-to-date: /home/pi/workspace/udemy_ros2_ws/install/udemy_ros2_pkg/share/udemy_ros2_pkg/local_setup.dsv
-- Up-to-date: /home/pi/workspace/udemy_ros2_ws/install/udemy_ros2_pkg/share/udemy_ros2_pkg/package.dsv
-- Up-to-date: /home/pi/workspace/udemy_ros2_ws/install/udemy_ros2_pkg/share/ament_index/resource_index/packages/udemy_ros2_pkg
-- Up-to-date: /home/pi/workspace/udemy_ros2_ws/install/udemy_ros2_pkg/share/udemy_ros2_pkg/cmake/udemy_ros2_pkgConfig.cmake
-- Up-to-date: /home/pi/workspace/udemy_ros2_ws/install/udemy_ros2_pkg/share/udemy_ros2_pkg/cmake/udemy_ros2_pkgConfig-version.cmake
-- Up-to-date: /home/pi/workspace/udemy_ros2_ws/install/udemy_ros2_pkg/share/udemy_ros2_pkg/package.xml
