[0.055s] Invoking command in '/home/pi/workspace/udemy_ros2_ws/build/udemy_ros2_pkg': CMAKE_PREFIX_PATH=${CMAKE_PREFIX_PATH}:/opt/ros/foxy /usr/bin/cmake --build /home/pi/workspace/udemy_ros2_ws/build/udemy_ros2_pkg -- -j4 -l4
[0.216s] Invoked command in '/home/pi/workspace/udemy_ros2_ws/build/udemy_ros2_pkg' returned '0': CMAKE_PREFIX_PATH=${CMAKE_PREFIX_PATH}:/opt/ros/foxy /usr/bin/cmake --build /home/pi/workspace/udemy_ros2_ws/build/udemy_ros2_pkg -- -j4 -l4
[0.364s] Invoking command in '/home/pi/workspace/udemy_ros2_ws/build/udemy_ros2_pkg': CMAKE_PREFIX_PATH=${CMAKE_PREFIX_PATH}:/opt/ros/foxy /usr/bin/cmake --install /home/pi/workspace/udemy_ros2_ws/build/udemy_ros2_pkg
[0.399s] -- Install configuration: ""
[0.400s] -- Up-to-date: /home/pi/workspace/udemy_ros2_ws/install/udemy_ros2_pkg/share/udemy_ros2_pkg/environment/pythonpath.sh
[0.400s] -- Up-to-date: /home/pi/workspace/udemy_ros2_ws/install/udemy_ros2_pkg/share/udemy_ros2_pkg/environment/pythonpath.dsv
[0.401s] -- Up-to-date: /home/pi/workspace/udemy_ros2_ws/install/udemy_ros2_pkg/lib/python3.8/site-packages/scripts/
[0.401s] -- Up-to-date: /home/pi/workspace/udemy_ros2_ws/install/udemy_ros2_pkg/lib/python3.8/site-packages/scripts//subscriber.py
[0.402s] -- Up-to-date: /home/pi/workspace/udemy_ros2_ws/install/udemy_ros2_pkg/lib/python3.8/site-packages/scripts//publisher.py
[0.402s] -- Up-to-date: /home/pi/workspace/udemy_ros2_ws/install/udemy_ros2_pkg/lib/python3.8/site-packages/scripts//hc_sensor_publisher.py
[0.403s] -- Up-to-date: /home/pi/workspace/udemy_ros2_ws/install/udemy_ros2_pkg/lib/python3.8/site-packages/scripts//__init__.py
[0.403s] -- Up-to-date: /home/pi/workspace/udemy_ros2_ws/install/udemy_ros2_pkg/lib/python3.8/site-packages/scripts//build
[0.404s] -- Up-to-date: /home/pi/workspace/udemy_ros2_ws/install/udemy_ros2_pkg/lib/python3.8/site-packages/scripts//build/COLCON_IGNORE
[0.404s] -- Up-to-date: /home/pi/workspace/udemy_ros2_ws/install/udemy_ros2_pkg/lib/python3.8/site-packages/scripts//build/.built_by
[0.404s] -- Up-to-date: /home/pi/workspace/udemy_ros2_ws/install/udemy_ros2_pkg/lib/python3.8/site-packages/scripts//log
[0.405s] -- Up-to-date: /home/pi/workspace/udemy_ros2_ws/install/udemy_ros2_pkg/lib/python3.8/site-packages/scripts//log/COLCON_IGNORE
[0.405s] -- Up-to-date: /home/pi/workspace/udemy_ros2_ws/install/udemy_ros2_pkg/lib/python3.8/site-packages/scripts//log/build_2022-04-03_10-24-33
[0.406s] -- Up-to-date: /home/pi/workspace/udemy_ros2_ws/install/udemy_ros2_pkg/lib/python3.8/site-packages/scripts//log/build_2022-04-03_10-24-33/logger_all.log
[0.406s] -- Up-to-date: /home/pi/workspace/udemy_ros2_ws/install/udemy_ros2_pkg/lib/python3.8/site-packages/scripts//log/build_2022-04-03_10-24-33/events.log
[0.407s] -- Up-to-date: /home/pi/workspace/udemy_ros2_ws/install/udemy_ros2_pkg/lib/python3.8/site-packages/scripts//log/latest_build
[0.407s] -- Up-to-date: /home/pi/workspace/udemy_ros2_ws/install/udemy_ros2_pkg/lib/python3.8/site-packages/scripts//log/latest
[0.407s] -- Up-to-date: /home/pi/workspace/udemy_ros2_ws/install/udemy_ros2_pkg/lib/python3.8/site-packages/scripts//install
[0.408s] -- Up-to-date: /home/pi/workspace/udemy_ros2_ws/install/udemy_ros2_pkg/lib/python3.8/site-packages/scripts//install/.colcon_install_layout
[0.408s] -- Up-to-date: /home/pi/workspace/udemy_ros2_ws/install/udemy_ros2_pkg/lib/python3.8/site-packages/scripts//install/COLCON_IGNORE
[0.408s] -- Up-to-date: /home/pi/workspace/udemy_ros2_ws/install/udemy_ros2_pkg/lib/python3.8/site-packages/scripts//install/local_setup.bash
[0.409s] -- Up-to-date: /home/pi/workspace/udemy_ros2_ws/install/udemy_ros2_pkg/lib/python3.8/site-packages/scripts//install/_local_setup_util_sh.py
[0.409s] -- Up-to-date: /home/pi/workspace/udemy_ros2_ws/install/udemy_ros2_pkg/lib/python3.8/site-packages/scripts//install/local_setup.sh
[0.410s] -- Up-to-date: /home/pi/workspace/udemy_ros2_ws/install/udemy_ros2_pkg/lib/python3.8/site-packages/scripts//install/_local_setup_util_ps1.py
[0.410s] -- Up-to-date: /home/pi/workspace/udemy_ros2_ws/install/udemy_ros2_pkg/lib/python3.8/site-packages/scripts//install/local_setup.ps1
[0.410s] -- Up-to-date: /home/pi/workspace/udemy_ros2_ws/install/udemy_ros2_pkg/lib/python3.8/site-packages/scripts//install/setup.bash
[0.411s] -- Up-to-date: /home/pi/workspace/udemy_ros2_ws/install/udemy_ros2_pkg/lib/python3.8/site-packages/scripts//install/setup.ps1
[0.411s] -- Up-to-date: /home/pi/workspace/udemy_ros2_ws/install/udemy_ros2_pkg/lib/python3.8/site-packages/scripts//install/local_setup.zsh
[0.411s] -- Up-to-date: /home/pi/workspace/udemy_ros2_ws/install/udemy_ros2_pkg/lib/python3.8/site-packages/scripts//install/setup.zsh
[0.412s] -- Up-to-date: /home/pi/workspace/udemy_ros2_ws/install/udemy_ros2_pkg/lib/python3.8/site-packages/scripts//install/setup.sh
[0.533s] Listing '/home/pi/workspace/udemy_ros2_ws/install/udemy_ros2_pkg/lib/python3.8/site-packages/scripts/'...
[0.534s] Listing '/home/pi/workspace/udemy_ros2_ws/install/udemy_ros2_pkg/lib/python3.8/site-packages/scripts/build'...
[0.536s] Listing '/home/pi/workspace/udemy_ros2_ws/install/udemy_ros2_pkg/lib/python3.8/site-packages/scripts/install'...
[0.537s] Listing '/home/pi/workspace/udemy_ros2_ws/install/udemy_ros2_pkg/lib/python3.8/site-packages/scripts/log'...
[0.537s] Listing '/home/pi/workspace/udemy_ros2_ws/install/udemy_ros2_pkg/lib/python3.8/site-packages/scripts/log/build_2022-04-03_10-24-33'...
[0.554s] -- Up-to-date: /home/pi/workspace/udemy_ros2_ws/install/udemy_ros2_pkg/lib/udemy_ros2_pkg/publisher.py
[0.555s] -- Up-to-date: /home/pi/workspace/udemy_ros2_ws/install/udemy_ros2_pkg/lib/udemy_ros2_pkg/subscriber.py
[0.555s] -- Up-to-date: /home/pi/workspace/udemy_ros2_ws/install/udemy_ros2_pkg/lib/udemy_ros2_pkg/hc_sensor_publisher.py
[0.555s] -- Up-to-date: /home/pi/workspace/udemy_ros2_ws/install/udemy_ros2_pkg/share/udemy_ros2_pkg//launch
[0.556s] -- Installing: /home/pi/workspace/udemy_ros2_ws/install/udemy_ros2_pkg/share/udemy_ros2_pkg//launch/distance_to_object_node.launch.py
[0.556s] -- Up-to-date: /home/pi/workspace/udemy_ros2_ws/install/udemy_ros2_pkg/share/ament_index/resource_index/package_run_dependencies/udemy_ros2_pkg
[0.557s] -- Up-to-date: /home/pi/workspace/udemy_ros2_ws/install/udemy_ros2_pkg/share/ament_index/resource_index/parent_prefix_path/udemy_ros2_pkg
[0.557s] -- Up-to-date: /home/pi/workspace/udemy_ros2_ws/install/udemy_ros2_pkg/share/udemy_ros2_pkg/environment/ament_prefix_path.sh
[0.558s] -- Up-to-date: /home/pi/workspace/udemy_ros2_ws/install/udemy_ros2_pkg/share/udemy_ros2_pkg/environment/ament_prefix_path.dsv
[0.558s] -- Up-to-date: /home/pi/workspace/udemy_ros2_ws/install/udemy_ros2_pkg/share/udemy_ros2_pkg/environment/path.sh
[0.559s] -- Up-to-date: /home/pi/workspace/udemy_ros2_ws/install/udemy_ros2_pkg/share/udemy_ros2_pkg/environment/path.dsv
[0.559s] -- Up-to-date: /home/pi/workspace/udemy_ros2_ws/install/udemy_ros2_pkg/share/udemy_ros2_pkg/local_setup.bash
[0.560s] -- Up-to-date: /home/pi/workspace/udemy_ros2_ws/install/udemy_ros2_pkg/share/udemy_ros2_pkg/local_setup.sh
[0.560s] -- Up-to-date: /home/pi/workspace/udemy_ros2_ws/install/udemy_ros2_pkg/share/udemy_ros2_pkg/local_setup.zsh
[0.561s] -- Up-to-date: /home/pi/workspace/udemy_ros2_ws/install/udemy_ros2_pkg/share/udemy_ros2_pkg/local_setup.dsv
[0.561s] -- Installing: /home/pi/workspace/udemy_ros2_ws/install/udemy_ros2_pkg/share/udemy_ros2_pkg/package.dsv
[0.562s] -- Up-to-date: /home/pi/workspace/udemy_ros2_ws/install/udemy_ros2_pkg/share/ament_index/resource_index/packages/udemy_ros2_pkg
[0.563s] -- Up-to-date: /home/pi/workspace/udemy_ros2_ws/install/udemy_ros2_pkg/share/udemy_ros2_pkg/cmake/udemy_ros2_pkgConfig.cmake
[0.563s] -- Up-to-date: /home/pi/workspace/udemy_ros2_ws/install/udemy_ros2_pkg/share/udemy_ros2_pkg/cmake/udemy_ros2_pkgConfig-version.cmake
[0.564s] -- Up-to-date: /home/pi/workspace/udemy_ros2_ws/install/udemy_ros2_pkg/share/udemy_ros2_pkg/package.xml
[0.571s] Invoked command in '/home/pi/workspace/udemy_ros2_ws/build/udemy_ros2_pkg' returned '0': CMAKE_PREFIX_PATH=${CMAKE_PREFIX_PATH}:/opt/ros/foxy /usr/bin/cmake --install /home/pi/workspace/udemy_ros2_ws/build/udemy_ros2_pkg
