[0.051s] Invoking command in '/home/pi/workspace/udemy_ros2_ws/build/udemy_ros2_pkg': CMAKE_PREFIX_PATH=/opt/ros/foxy /usr/bin/cmake --build /home/pi/workspace/udemy_ros2_ws/build/udemy_ros2_pkg -- -j4 -l4
[0.159s] -- Found ament_cmake: 0.9.9 (/opt/ros/foxy/share/ament_cmake/cmake)
[0.252s] -- Using PYTHON_EXECUTABLE: /usr/bin/python3
[0.937s] -- Found rclpy: 1.0.8 (/opt/ros/foxy/share/rclpy/cmake)
[0.941s] -- Found ament_lint_auto: 0.9.6 (/opt/ros/foxy/share/ament_lint_auto/cmake)
[1.211s] -- Added test 'copyright' to check source files copyright and LICENSE
[1.229s] -- Added test 'flake8' to check Python code syntax and style conventions
[1.232s] -- Added test 'lint_cmake' to check CMake code style
[1.234s] -- Added test 'pep257' to check Python code against some of the style conventions in PEP 257
[1.243s] -- Added test 'xmllint' to check XML markup files
[1.252s] -- Configuring done
[1.263s] -- Generating done
[1.268s] -- Build files have been written to: /home/pi/workspace/udemy_ros2_ws/build/udemy_ros2_pkg
[1.346s] Invoked command in '/home/pi/workspace/udemy_ros2_ws/build/udemy_ros2_pkg' returned '0': CMAKE_PREFIX_PATH=/opt/ros/foxy /usr/bin/cmake --build /home/pi/workspace/udemy_ros2_ws/build/udemy_ros2_pkg -- -j4 -l4
[1.492s] Invoking command in '/home/pi/workspace/udemy_ros2_ws/build/udemy_ros2_pkg': CMAKE_PREFIX_PATH=/opt/ros/foxy /usr/bin/cmake --install /home/pi/workspace/udemy_ros2_ws/build/udemy_ros2_pkg
[1.525s] -- Install configuration: ""
[1.526s] -- Up-to-date: /home/pi/workspace/udemy_ros2_ws/install/udemy_ros2_pkg/share/udemy_ros2_pkg/environment/pythonpath.sh
[1.526s] -- Installing: /home/pi/workspace/udemy_ros2_ws/install/udemy_ros2_pkg/share/udemy_ros2_pkg/environment/pythonpath.dsv
[1.527s] -- Up-to-date: /home/pi/workspace/udemy_ros2_ws/install/udemy_ros2_pkg/lib/python3.8/site-packages/scripts/
[1.528s] -- Up-to-date: /home/pi/workspace/udemy_ros2_ws/install/udemy_ros2_pkg/lib/python3.8/site-packages/scripts//subscriber.py
[1.528s] -- Up-to-date: /home/pi/workspace/udemy_ros2_ws/install/udemy_ros2_pkg/lib/python3.8/site-packages/scripts//publisher.py
[1.529s] -- Up-to-date: /home/pi/workspace/udemy_ros2_ws/install/udemy_ros2_pkg/lib/python3.8/site-packages/scripts//hc_sensor_publisher.py
[1.529s] -- Up-to-date: /home/pi/workspace/udemy_ros2_ws/install/udemy_ros2_pkg/lib/python3.8/site-packages/scripts//hc_sr04.py
[1.529s] -- Up-to-date: /home/pi/workspace/udemy_ros2_ws/install/udemy_ros2_pkg/lib/python3.8/site-packages/scripts//__init__.py
[1.653s] Listing '/home/pi/workspace/udemy_ros2_ws/install/udemy_ros2_pkg/lib/python3.8/site-packages/scripts/'...
[1.654s] Compiling '/home/pi/workspace/udemy_ros2_ws/install/udemy_ros2_pkg/lib/python3.8/site-packages/scripts/hc_sr04.py'...
[1.655s] ***   File "/home/pi/workspace/udemy_ros2_ws/install/udemy_ros2_pkg/lib/python3.8/site-packages/scripts/hc_sr04.py", line 34
[1.656s]     return str(distance)
[1.656s]     ^
[1.657s] SyntaxError: invalid syntax
[1.658s] 
[1.675s] -- Up-to-date: /home/pi/workspace/udemy_ros2_ws/install/udemy_ros2_pkg/lib/udemy_ros2_pkg/publisher.py
[1.675s] -- Installing: /home/pi/workspace/udemy_ros2_ws/install/udemy_ros2_pkg/lib/udemy_ros2_pkg/subscriber.py
[1.676s] -- Installing: /home/pi/workspace/udemy_ros2_ws/install/udemy_ros2_pkg/lib/udemy_ros2_pkg/hc_sensor_publisher.py
[1.676s] -- Installing: /home/pi/workspace/udemy_ros2_ws/install/udemy_ros2_pkg/lib/udemy_ros2_pkg/hc_sr04.py
[1.681s] -- Installing: /home/pi/workspace/udemy_ros2_ws/install/udemy_ros2_pkg/share/ament_index/resource_index/package_run_dependencies/udemy_ros2_pkg
[1.682s] -- Up-to-date: /home/pi/workspace/udemy_ros2_ws/install/udemy_ros2_pkg/share/ament_index/resource_index/parent_prefix_path/udemy_ros2_pkg
[1.683s] -- Up-to-date: /home/pi/workspace/udemy_ros2_ws/install/udemy_ros2_pkg/share/udemy_ros2_pkg/environment/ament_prefix_path.sh
[1.684s] -- Installing: /home/pi/workspace/udemy_ros2_ws/install/udemy_ros2_pkg/share/udemy_ros2_pkg/environment/ament_prefix_path.dsv
[1.685s] -- Up-to-date: /home/pi/workspace/udemy_ros2_ws/install/udemy_ros2_pkg/share/udemy_ros2_pkg/environment/path.sh
[1.686s] -- Installing: /home/pi/workspace/udemy_ros2_ws/install/udemy_ros2_pkg/share/udemy_ros2_pkg/environment/path.dsv
[1.687s] -- Up-to-date: /home/pi/workspace/udemy_ros2_ws/install/udemy_ros2_pkg/share/udemy_ros2_pkg/local_setup.bash
[1.688s] -- Installing: /home/pi/workspace/udemy_ros2_ws/install/udemy_ros2_pkg/share/udemy_ros2_pkg/local_setup.sh
[1.689s] -- Up-to-date: /home/pi/workspace/udemy_ros2_ws/install/udemy_ros2_pkg/share/udemy_ros2_pkg/local_setup.zsh
[1.690s] -- Installing: /home/pi/workspace/udemy_ros2_ws/install/udemy_ros2_pkg/share/udemy_ros2_pkg/local_setup.dsv
[1.691s] -- Installing: /home/pi/workspace/udemy_ros2_ws/install/udemy_ros2_pkg/share/udemy_ros2_pkg/package.dsv
[1.694s] -- Up-to-date: /home/pi/workspace/udemy_ros2_ws/install/udemy_ros2_pkg/share/ament_index/resource_index/packages/udemy_ros2_pkg
[1.694s] -- Up-to-date: /home/pi/workspace/udemy_ros2_ws/install/udemy_ros2_pkg/share/udemy_ros2_pkg/cmake/udemy_ros2_pkgConfig.cmake
[1.695s] -- Up-to-date: /home/pi/workspace/udemy_ros2_ws/install/udemy_ros2_pkg/share/udemy_ros2_pkg/cmake/udemy_ros2_pkgConfig-version.cmake
[1.695s] -- Installing: /home/pi/workspace/udemy_ros2_ws/install/udemy_ros2_pkg/share/udemy_ros2_pkg/package.xml
[1.702s] Invoked command in '/home/pi/workspace/udemy_ros2_ws/build/udemy_ros2_pkg' returned '0': CMAKE_PREFIX_PATH=/opt/ros/foxy /usr/bin/cmake --install /home/pi/workspace/udemy_ros2_ws/build/udemy_ros2_pkg
